Analysis & Synthesis report for DE1_SoC
Wed Feb 09 19:33:40 2022
Quartus Prime Version 17.0.0 Build 595 04/25/2017 SJ Lite Edition


---------------------
; Table of Contents ;
---------------------
  1. Legal Notice
  2. Analysis & Synthesis Summary
  3. Analysis & Synthesis Settings
  4. Parallel Compilation
  5. Analysis & Synthesis Messages
  6. Analysis & Synthesis Suppressed Messages



----------------
; Legal Notice ;
----------------
Copyright (C) 2017  Intel Corporation. All rights reserved.
Your use of Intel Corporation's design tools, logic functions 
and other software and tools, and its AMPP partner logic 
functions, and any output files from any of the foregoing 
(including device programming or simulation files), and any 
associated documentation or information are expressly subject 
to the terms and conditions of the Intel Program License 
Subscription Agreement, the Intel Quartus Prime License Agreement,
the Intel MegaCore Function License Agreement, or other 
applicable license agreement, including, without limitation, 
that your use is for the sole purpose of programming logic 
devices manufactured by Intel and sold by Intel or its 
authorized distributors.  Please refer to the applicable 
agreement for further details.



+---------------------------------------------------------------------------+
; Analysis & Synthesis Summary                                              ;
+-----------------------------+---------------------------------------------+
; Analysis & Synthesis Status ; Failed - Wed Feb 09 19:33:40 2022           ;
; Quartus Prime Version       ; 17.0.0 Build 595 04/25/2017 SJ Lite Edition ;
; Revision Name               ; DE1_SoC                                     ;
; Top-level Entity Name       ; singCycle_CPU                               ;
; Family                      ; Cyclone V                                   ;
; Logic utilization (in ALMs) ; N/A until Partition Merge                   ;
; Total registers             ; N/A until Partition Merge                   ;
; Total pins                  ; N/A until Partition Merge                   ;
; Total virtual pins          ; N/A until Partition Merge                   ;
; Total block memory bits     ; N/A until Partition Merge                   ;
; Total PLLs                  ; N/A until Partition Merge                   ;
; Total DLLs                  ; N/A until Partition Merge                   ;
+-----------------------------+---------------------------------------------+


+---------------------------------------------------------------------------------------------------------------------------+
; Analysis & Synthesis Settings                                                                                             ;
+---------------------------------------------------------------------------------+--------------------+--------------------+
; Option                                                                          ; Setting            ; Default Value      ;
+---------------------------------------------------------------------------------+--------------------+--------------------+
; Device                                                                          ; 5CSEMA5F31C6       ;                    ;
; Top-level entity name                                                           ; singCycle_CPU      ; DE1_SoC            ;
; Family name                                                                     ; Cyclone V          ; Cyclone V          ;
; State Machine Processing                                                        ; User-Encoded       ; Auto               ;
; Use smart compilation                                                           ; Off                ; Off                ;
; Enable parallel Assembler and TimeQuest Timing Analyzer during compilation      ; On                 ; On                 ;
; Enable compact report table                                                     ; Off                ; Off                ;
; Restructure Multiplexers                                                        ; Auto               ; Auto               ;
; MLAB Add Timing Constraints For Mixed-Port Feed-Through Mode Setting Don't Care ; Off                ; Off                ;
; Create Debugging Nodes for IP Cores                                             ; Off                ; Off                ;
; Preserve fewer node names                                                       ; On                 ; On                 ;
; OpenCore Plus hardware evaluation                                               ; Enable             ; Enable             ;
; Verilog Version                                                                 ; Verilog_2001       ; Verilog_2001       ;
; VHDL Version                                                                    ; VHDL_1993          ; VHDL_1993          ;
; Safe State Machine                                                              ; Off                ; Off                ;
; Extract Verilog State Machines                                                  ; On                 ; On                 ;
; Extract VHDL State Machines                                                     ; On                 ; On                 ;
; Ignore Verilog initial constructs                                               ; Off                ; Off                ;
; Iteration limit for constant Verilog loops                                      ; 5000               ; 5000               ;
; Iteration limit for non-constant Verilog loops                                  ; 250                ; 250                ;
; Add Pass-Through Logic to Inferred RAMs                                         ; On                 ; On                 ;
; Infer RAMs from Raw Logic                                                       ; On                 ; On                 ;
; Parallel Synthesis                                                              ; On                 ; On                 ;
; DSP Block Balancing                                                             ; Auto               ; Auto               ;
; NOT Gate Push-Back                                                              ; On                 ; On                 ;
; Power-Up Don't Care                                                             ; On                 ; On                 ;
; Remove Redundant Logic Cells                                                    ; Off                ; Off                ;
; Remove Duplicate Registers                                                      ; On                 ; On                 ;
; Ignore CARRY Buffers                                                            ; Off                ; Off                ;
; Ignore CASCADE Buffers                                                          ; Off                ; Off                ;
; Ignore GLOBAL Buffers                                                           ; Off                ; Off                ;
; Ignore ROW GLOBAL Buffers                                                       ; Off                ; Off                ;
; Ignore LCELL Buffers                                                            ; Off                ; Off                ;
; Ignore SOFT Buffers                                                             ; On                 ; On                 ;
; Limit AHDL Integers to 32 Bits                                                  ; Off                ; Off                ;
; Optimization Technique                                                          ; Balanced           ; Balanced           ;
; Carry Chain Length                                                              ; 70                 ; 70                 ;
; Auto Carry Chains                                                               ; On                 ; On                 ;
; Auto Open-Drain Pins                                                            ; On                 ; On                 ;
; Perform WYSIWYG Primitive Resynthesis                                           ; Off                ; Off                ;
; Auto ROM Replacement                                                            ; On                 ; On                 ;
; Auto RAM Replacement                                                            ; On                 ; On                 ;
; Auto DSP Block Replacement                                                      ; On                 ; On                 ;
; Auto Shift Register Replacement                                                 ; Auto               ; Auto               ;
; Allow Shift Register Merging across Hierarchies                                 ; Auto               ; Auto               ;
; Auto Clock Enable Replacement                                                   ; On                 ; On                 ;
; Strict RAM Replacement                                                          ; Off                ; Off                ;
; Allow Synchronous Control Signals                                               ; On                 ; On                 ;
; Force Use of Synchronous Clear Signals                                          ; Off                ; Off                ;
; Auto Resource Sharing                                                           ; Off                ; Off                ;
; Allow Any RAM Size For Recognition                                              ; Off                ; Off                ;
; Allow Any ROM Size For Recognition                                              ; Off                ; Off                ;
; Allow Any Shift Register Size For Recognition                                   ; Off                ; Off                ;
; Use LogicLock Constraints during Resource Balancing                             ; On                 ; On                 ;
; Ignore translate_off and synthesis_off directives                               ; Off                ; Off                ;
; Timing-Driven Synthesis                                                         ; On                 ; On                 ;
; Report Parameter Settings                                                       ; On                 ; On                 ;
; Report Source Assignments                                                       ; On                 ; On                 ;
; Report Connectivity Checks                                                      ; On                 ; On                 ;
; Ignore Maximum Fan-Out Assignments                                              ; Off                ; Off                ;
; Synchronization Register Chain Length                                           ; 3                  ; 3                  ;
; PowerPlay Power Optimization During Synthesis                                   ; Normal compilation ; Normal compilation ;
; HDL message level                                                               ; Level2             ; Level2             ;
; Suppress Register Optimization Related Messages                                 ; Off                ; Off                ;
; Number of Removed Registers Reported in Synthesis Report                        ; 5000               ; 5000               ;
; Number of Swept Nodes Reported in Synthesis Report                              ; 5000               ; 5000               ;
; Number of Inverted Registers Reported in Synthesis Report                       ; 100                ; 100                ;
; Clock MUX Protection                                                            ; On                 ; On                 ;
; Auto Gated Clock Conversion                                                     ; Off                ; Off                ;
; Block Design Naming                                                             ; Auto               ; Auto               ;
; SDC constraint protection                                                       ; Off                ; Off                ;
; Synthesis Effort                                                                ; Auto               ; Auto               ;
; Shift Register Replacement - Allow Asynchronous Clear Signal                    ; On                 ; On                 ;
; Pre-Mapping Resynthesis Optimization                                            ; Off                ; Off                ;
; Analysis & Synthesis Message Level                                              ; Medium             ; Medium             ;
; Disable Register Merging Across Hierarchies                                     ; Auto               ; Auto               ;
; Resource Aware Inference For Block RAM                                          ; On                 ; On                 ;
; Automatic Parallel Synthesis                                                    ; On                 ; On                 ;
; Partial Reconfiguration Bitstream ID                                            ; Off                ; Off                ;
+---------------------------------------------------------------------------------+--------------------+--------------------+


+------------------------------------------+
; Parallel Compilation                     ;
+----------------------------+-------------+
; Processors                 ; Number      ;
+----------------------------+-------------+
; Number detected on machine ; 8           ;
; Maximum allowed            ; 4           ;
;                            ;             ;
; Average used               ; 1.00        ;
; Maximum used               ; 1           ;
;                            ;             ;
; Usage by Processor         ; % Time Used ;
;     Processor 1            ; 100.0%      ;
+----------------------------+-------------+


+-------------------------------+
; Analysis & Synthesis Messages ;
+-------------------------------+
Info: *******************************************************************
Info: Running Quartus Prime Analysis & Synthesis
    Info: Version 17.0.0 Build 595 04/25/2017 SJ Lite Edition
    Info: Processing started: Wed Feb 09 19:33:27 2022
Info: Command: quartus_map --read_settings_files=on --write_settings_files=off DE1_SoC -c DE1_SoC
Info (20030): Parallel compilation is enabled and will use 4 of the 4 processors detected
Info (12021): Found 4 design units, including 4 entities, in source file math.sv
    Info (12023): Found entity 1: mult File: C:/Users/danie/Documents/2021-22 School Year/EE 469/Lab3/math.sv Line: 6
    Info (12023): Found entity 2: shifter File: C:/Users/danie/Documents/2021-22 School Year/EE 469/Lab3/math.sv Line: 36
    Info (12023): Found entity 3: shifter_testbench File: C:/Users/danie/Documents/2021-22 School Year/EE 469/Lab3/math.sv Line: 51
    Info (12023): Found entity 4: mult_testbench File: C:/Users/danie/Documents/2021-22 School Year/EE 469/Lab3/math.sv Line: 71
Info (12021): Found 2 design units, including 2 entities, in source file instructmem.sv
    Info (12023): Found entity 1: instructmem File: C:/Users/danie/Documents/2021-22 School Year/EE 469/Lab3/instructmem.sv Line: 18
    Info (12023): Found entity 2: instructmem_testbench File: C:/Users/danie/Documents/2021-22 School Year/EE 469/Lab3/instructmem.sv Line: 58
Info (12021): Found 2 design units, including 2 entities, in source file datamem.sv
    Info (12023): Found entity 1: datamem File: C:/Users/danie/Documents/2021-22 School Year/EE 469/Lab3/datamem.sv Line: 12
    Info (12023): Found entity 2: datamem_testbench File: C:/Users/danie/Documents/2021-22 School Year/EE 469/Lab3/datamem.sv Line: 70
Info (12021): Found 2 design units, including 2 entities, in source file register.sv
    Info (12023): Found entity 1: register File: C:/Users/danie/Documents/2021-22 School Year/EE 469/Lab3/register.sv Line: 10
    Info (12023): Found entity 2: D_FF File: C:/Users/danie/Documents/2021-22 School Year/EE 469/Lab3/register.sv Line: 30
Info (12021): Found 1 design units, including 1 entities, in source file regfile.sv
    Info (12023): Found entity 1: regfile File: C:/Users/danie/Documents/2021-22 School Year/EE 469/Lab3/regfile.sv Line: 12
Info (12021): Found 1 design units, including 1 entities, in source file mux8_1.sv
    Info (12023): Found entity 1: mux8_1 File: C:/Users/danie/Documents/2021-22 School Year/EE 469/Lab3/mux8_1.sv Line: 2
Info (12021): Found 1 design units, including 1 entities, in source file mux4_1.sv
    Info (12023): Found entity 1: mux4_1 File: C:/Users/danie/Documents/2021-22 School Year/EE 469/Lab3/mux4_1.sv Line: 3
Info (12021): Found 2 design units, including 2 entities, in source file mux_64x32_1.sv
    Info (12023): Found entity 1: mux_64x32_1 File: C:/Users/danie/Documents/2021-22 School Year/EE 469/Lab3/mux_64x32_1.sv Line: 13
    Info (12023): Found entity 2: mux_64x32_1_testbench File: C:/Users/danie/Documents/2021-22 School Year/EE 469/Lab3/mux_64x32_1.sv Line: 40
Info (12021): Found 3 design units, including 3 entities, in source file mux_32_1.sv
    Info (12023): Found entity 1: mux_32_1 File: C:/Users/danie/Documents/2021-22 School Year/EE 469/Lab3/mux_32_1.sv Line: 10
    Info (12023): Found entity 2: Mux2_1 File: C:/Users/danie/Documents/2021-22 School Year/EE 469/Lab3/mux_32_1.sv Line: 40
    Info (12023): Found entity 3: mux_32_1_testbench File: C:/Users/danie/Documents/2021-22 School Year/EE 469/Lab3/mux_32_1.sv Line: 59
Info (12021): Found 1 design units, including 1 entities, in source file fulladder.sv
    Info (12023): Found entity 1: fullAdder File: C:/Users/danie/Documents/2021-22 School Year/EE 469/Lab3/fullAdder.sv Line: 15
Info (12021): Found 2 design units, including 2 entities, in source file decoder3_8.sv
    Info (12023): Found entity 1: decoder3_8 File: C:/Users/danie/Documents/2021-22 School Year/EE 469/Lab3/decoder3_8.sv Line: 8
    Info (12023): Found entity 2: decoder3_8_testbench File: C:/Users/danie/Documents/2021-22 School Year/EE 469/Lab3/decoder3_8.sv Line: 30
Info (12021): Found 2 design units, including 2 entities, in source file decoder2_4.sv
    Info (12023): Found entity 1: decoder2_4 File: C:/Users/danie/Documents/2021-22 School Year/EE 469/Lab3/decoder2_4.sv Line: 8
    Info (12023): Found entity 2: decoder2_4_testbench File: C:/Users/danie/Documents/2021-22 School Year/EE 469/Lab3/decoder2_4.sv Line: 25
Info (12021): Found 2 design units, including 2 entities, in source file alu_1b.sv
    Info (12023): Found entity 1: ALU_1b File: C:/Users/danie/Documents/2021-22 School Year/EE 469/Lab3/ALU_1b.sv Line: 16
    Info (12023): Found entity 2: ALU_1b_testbench File: C:/Users/danie/Documents/2021-22 School Year/EE 469/Lab3/ALU_1b.sv Line: 46
Warning (12019): Can't analyze file -- file DE1_SoC.sv is missing
Info (12021): Found 2 design units, including 2 entities, in source file mux2_1.sv
    Info (12023): Found entity 1: mux2_1 File: C:/Users/danie/Documents/2021-22 School Year/EE 469/Lab3/mux2_1.sv Line: 3
    Info (12023): Found entity 2: wide_mux2_1 File: C:/Users/danie/Documents/2021-22 School Year/EE 469/Lab3/mux2_1.sv Line: 21
Info (12021): Found 1 design units, including 1 entities, in source file alu.sv
    Info (12023): Found entity 1: alu File: C:/Users/danie/Documents/2021-22 School Year/EE 469/Lab3/alu.sv Line: 25
Info (12021): Found 2 design units, including 2 entities, in source file control.sv
    Info (12023): Found entity 1: control File: C:/Users/danie/Documents/2021-22 School Year/EE 469/Lab3/control.sv Line: 2
    Info (12023): Found entity 2: control_testbench File: C:/Users/danie/Documents/2021-22 School Year/EE 469/Lab3/control.sv Line: 236
Info (12021): Found 2 design units, including 2 entities, in source file program_counter.sv
    Info (12023): Found entity 1: program_counter File: C:/Users/danie/Documents/2021-22 School Year/EE 469/Lab3/program_counter.sv Line: 1
    Info (12023): Found entity 2: program_counter_testbench File: C:/Users/danie/Documents/2021-22 School Year/EE 469/Lab3/program_counter.sv Line: 49
Info (12021): Found 2 design units, including 2 entities, in source file datapath.sv
    Info (12023): Found entity 1: dataPath File: C:/Users/danie/Documents/2021-22 School Year/EE 469/Lab3/dataPath.sv Line: 3
    Info (12023): Found entity 2: dataPath_testbench File: C:/Users/danie/Documents/2021-22 School Year/EE 469/Lab3/dataPath.sv Line: 62
Info (12021): Found 2 design units, including 2 entities, in source file singcycle_cpu.sv
    Info (12023): Found entity 1: singCycle_CPU File: C:/Users/danie/Documents/2021-22 School Year/EE 469/Lab3/singCycle_CPU.sv Line: 4
    Info (12023): Found entity 2: singCycle_CPU_testbench File: C:/Users/danie/Documents/2021-22 School Year/EE 469/Lab3/singCycle_CPU.sv Line: 44
Info (12021): Found 1 design units, including 1 entities, in source file add_width.sv
    Info (12023): Found entity 1: add_width File: C:/Users/danie/Documents/2021-22 School Year/EE 469/Lab3/add_width.sv Line: 1
Info (12127): Elaborating entity "singCycle_CPU" for the top level hierarchy
Info (12128): Elaborating entity "dataPath" for hierarchy "dataPath:intruction_execution" File: C:/Users/danie/Documents/2021-22 School Year/EE 469/Lab3/singCycle_CPU.sv Line: 21
Info (12128): Elaborating entity "wide_mux2_1" for hierarchy "dataPath:intruction_execution|wide_mux2_1:reg_input_Ab" File: C:/Users/danie/Documents/2021-22 School Year/EE 469/Lab3/dataPath.sv Line: 24
Info (12128): Elaborating entity "mux2_1" for hierarchy "dataPath:intruction_execution|wide_mux2_1:reg_input_Ab|mux2_1:eachBit[0].mu" File: C:/Users/danie/Documents/2021-22 School Year/EE 469/Lab3/mux2_1.sv Line: 29
Info (12128): Elaborating entity "wide_mux2_1" for hierarchy "dataPath:intruction_execution|wide_mux2_1:shiftDat" File: C:/Users/danie/Documents/2021-22 School Year/EE 469/Lab3/dataPath.sv Line: 27
Info (12128): Elaborating entity "regfile" for hierarchy "dataPath:intruction_execution|regfile:regist" File: C:/Users/danie/Documents/2021-22 School Year/EE 469/Lab3/dataPath.sv Line: 32
Info (12128): Elaborating entity "decoder2_4" for hierarchy "dataPath:intruction_execution|regfile:regist|decoder2_4:en" File: C:/Users/danie/Documents/2021-22 School Year/EE 469/Lab3/regfile.sv Line: 32
Info (12128): Elaborating entity "decoder3_8" for hierarchy "dataPath:intruction_execution|regfile:regist|decoder3_8:d0d7" File: C:/Users/danie/Documents/2021-22 School Year/EE 469/Lab3/regfile.sv Line: 33
Info (12128): Elaborating entity "register" for hierarchy "dataPath:intruction_execution|regfile:regist|register:Creating_registers[0].g" File: C:/Users/danie/Documents/2021-22 School Year/EE 469/Lab3/regfile.sv Line: 42
Info (12128): Elaborating entity "D_FF" for hierarchy "dataPath:intruction_execution|regfile:regist|register:Creating_registers[0].g|D_FF:building_one_register[0].bits" File: C:/Users/danie/Documents/2021-22 School Year/EE 469/Lab3/register.sv Line: 22
Info (12128): Elaborating entity "mux_64x32_1" for hierarchy "dataPath:intruction_execution|regfile:regist|mux_64x32_1:port1" File: C:/Users/danie/Documents/2021-22 School Year/EE 469/Lab3/regfile.sv Line: 48
Info (12128): Elaborating entity "mux_32_1" for hierarchy "dataPath:intruction_execution|regfile:regist|mux_64x32_1:port1|mux_32_1:muxSelect[0].readPort1" File: C:/Users/danie/Documents/2021-22 School Year/EE 469/Lab3/mux_64x32_1.sv Line: 32
Info (12128): Elaborating entity "mux4_1" for hierarchy "dataPath:intruction_execution|regfile:regist|mux_64x32_1:port1|mux_32_1:muxSelect[0].readPort1|mux4_1:building_mux[0].inputs" File: C:/Users/danie/Documents/2021-22 School Year/EE 469/Lab3/mux_32_1.sv Line: 21
Info (12128): Elaborating entity "Mux2_1" for hierarchy "dataPath:intruction_execution|regfile:regist|mux_64x32_1:port1|mux_32_1:muxSelect[0].readPort1|Mux2_1:outStage" File: C:/Users/danie/Documents/2021-22 School Year/EE 469/Lab3/mux_32_1.sv Line: 29
Info (12128): Elaborating entity "alu" for hierarchy "dataPath:intruction_execution|alu:operation" File: C:/Users/danie/Documents/2021-22 School Year/EE 469/Lab3/dataPath.sv Line: 45
Info (12128): Elaborating entity "ALU_1b" for hierarchy "dataPath:intruction_execution|alu:operation|ALU_1b:b0" File: C:/Users/danie/Documents/2021-22 School Year/EE 469/Lab3/alu.sv Line: 34
Info (12128): Elaborating entity "fullAdder" for hierarchy "dataPath:intruction_execution|alu:operation|ALU_1b:b0|fullAdder:ad" File: C:/Users/danie/Documents/2021-22 School Year/EE 469/Lab3/ALU_1b.sv Line: 29
Info (12128): Elaborating entity "mux8_1" for hierarchy "dataPath:intruction_execution|alu:operation|ALU_1b:b0|mux8_1:control" File: C:/Users/danie/Documents/2021-22 School Year/EE 469/Lab3/ALU_1b.sv Line: 41
Info (12128): Elaborating entity "shifter" for hierarchy "dataPath:intruction_execution|shifter:shif" File: C:/Users/danie/Documents/2021-22 School Year/EE 469/Lab3/dataPath.sv Line: 49
Info (12128): Elaborating entity "datamem" for hierarchy "dataPath:intruction_execution|datamem:dat" File: C:/Users/danie/Documents/2021-22 School Year/EE 469/Lab3/dataPath.sv Line: 53
Warning (10175): Verilog HDL warning at datamem.sv(23): ignoring unsupported system task File: C:/Users/danie/Documents/2021-22 School Year/EE 469/Lab3/datamem.sv Line: 23
Info (10264): Verilog HDL Case Statement information at datamem.sv(43): all case item expressions in this case statement are onehot File: C:/Users/danie/Documents/2021-22 School Year/EE 469/Lab3/datamem.sv Line: 43
Error (10232): Verilog HDL error at datamem.sv(58): index 71 cannot fall outside the declared range [63:0] for vector "read_data" File: C:/Users/danie/Documents/2021-22 School Year/EE 469/Lab3/datamem.sv Line: 58
Error (10232): Verilog HDL error at datamem.sv(58): index 64 cannot fall outside the declared range [63:0] for vector "read_data" File: C:/Users/danie/Documents/2021-22 School Year/EE 469/Lab3/datamem.sv Line: 58
Warning (10240): Verilog HDL Always Construct warning at datamem.sv(55): inferring latch(es) for variable "i", which holds its previous value in one or more paths through the always construct File: C:/Users/danie/Documents/2021-22 School Year/EE 469/Lab3/datamem.sv Line: 55
Error (10166): SystemVerilog RTL Coding error at datamem.sv(55): always_comb construct does not infer purely combinational logic. File: C:/Users/danie/Documents/2021-22 School Year/EE 469/Lab3/datamem.sv Line: 55
Error (12152): Can't elaborate user hierarchy "dataPath:intruction_execution|datamem:dat" File: C:/Users/danie/Documents/2021-22 School Year/EE 469/Lab3/dataPath.sv Line: 53
Info (144001): Generated suppressed messages file C:/Users/danie/Documents/2021-22 School Year/EE 469/Lab3/output_files/DE1_SoC.map.smsg
Error: Quartus Prime Analysis & Synthesis was unsuccessful. 4 errors, 3 warnings
    Error: Peak virtual memory: 4806 megabytes
    Error: Processing ended: Wed Feb 09 19:33:40 2022
    Error: Elapsed time: 00:00:13
    Error: Total CPU time (on all processors): 00:00:27


+------------------------------------------+
; Analysis & Synthesis Suppressed Messages ;
+------------------------------------------+
The suppressed messages can be found in C:/Users/danie/Documents/2021-22 School Year/EE 469/Lab3/output_files/DE1_SoC.map.smsg.


