Analysis & Synthesis report for DE1_SoC
Sun Jan 16 12:24:23 2022
Quartus Prime Version 17.0.0 Build 595 04/25/2017 SJ Lite Edition


---------------------
; Table of Contents ;
---------------------
  1. Legal Notice
  2. Analysis & Synthesis Summary
  3. Analysis & Synthesis Settings
  4. Parallel Compilation
  5. Analysis & Synthesis Source Files Read
  6. Analysis & Synthesis Resource Usage Summary
  7. Analysis & Synthesis Resource Utilization by Entity
  8. General Register Statistics
  9. Port Connectivity Checks: "mux_64x32_1:port1|mux_32_1:muxSelect[0].readPort1|mux4_1:building_mux[7].inputs"
 10. Port Connectivity Checks: "mux_64x32_1:port1|mux_32_1:muxSelect[0].readPort1|mux4_1:building_mux[6].inputs"
 11. Port Connectivity Checks: "mux_64x32_1:port1|mux_32_1:muxSelect[0].readPort1|mux4_1:building_mux[5].inputs"
 12. Port Connectivity Checks: "mux_64x32_1:port1|mux_32_1:muxSelect[0].readPort1|mux4_1:building_mux[4].inputs"
 13. Port Connectivity Checks: "mux_64x32_1:port1|mux_32_1:muxSelect[0].readPort1|mux4_1:building_mux[3].inputs"
 14. Port Connectivity Checks: "mux_64x32_1:port1|mux_32_1:muxSelect[0].readPort1|mux4_1:building_mux[2].inputs"
 15. Port Connectivity Checks: "mux_64x32_1:port1|mux_32_1:muxSelect[0].readPort1|mux4_1:building_mux[1].inputs"
 16. Port Connectivity Checks: "mux_64x32_1:port1|mux_32_1:muxSelect[0].readPort1|mux4_1:building_mux[0].inputs"
 17. Port Connectivity Checks: "register:reg31"
 18. Port Connectivity Checks: "register:Creating_registers[0].g|D_FF:building_one_register[63].bits"
 19. Port Connectivity Checks: "register:Creating_registers[0].g|D_FF:building_one_register[62].bits"
 20. Port Connectivity Checks: "register:Creating_registers[0].g|D_FF:building_one_register[61].bits"
 21. Port Connectivity Checks: "register:Creating_registers[0].g|D_FF:building_one_register[60].bits"
 22. Port Connectivity Checks: "register:Creating_registers[0].g|D_FF:building_one_register[59].bits"
 23. Port Connectivity Checks: "register:Creating_registers[0].g|D_FF:building_one_register[58].bits"
 24. Port Connectivity Checks: "register:Creating_registers[0].g|D_FF:building_one_register[57].bits"
 25. Port Connectivity Checks: "register:Creating_registers[0].g|D_FF:building_one_register[56].bits"
 26. Port Connectivity Checks: "register:Creating_registers[0].g|D_FF:building_one_register[55].bits"
 27. Port Connectivity Checks: "register:Creating_registers[0].g|D_FF:building_one_register[54].bits"
 28. Port Connectivity Checks: "register:Creating_registers[0].g|D_FF:building_one_register[53].bits"
 29. Port Connectivity Checks: "register:Creating_registers[0].g|D_FF:building_one_register[52].bits"
 30. Port Connectivity Checks: "register:Creating_registers[0].g|D_FF:building_one_register[51].bits"
 31. Port Connectivity Checks: "register:Creating_registers[0].g|D_FF:building_one_register[50].bits"
 32. Port Connectivity Checks: "register:Creating_registers[0].g|D_FF:building_one_register[49].bits"
 33. Port Connectivity Checks: "register:Creating_registers[0].g|D_FF:building_one_register[48].bits"
 34. Port Connectivity Checks: "register:Creating_registers[0].g|D_FF:building_one_register[47].bits"
 35. Port Connectivity Checks: "register:Creating_registers[0].g|D_FF:building_one_register[46].bits"
 36. Port Connectivity Checks: "register:Creating_registers[0].g|D_FF:building_one_register[45].bits"
 37. Port Connectivity Checks: "register:Creating_registers[0].g|D_FF:building_one_register[44].bits"
 38. Port Connectivity Checks: "register:Creating_registers[0].g|D_FF:building_one_register[43].bits"
 39. Port Connectivity Checks: "register:Creating_registers[0].g|D_FF:building_one_register[42].bits"
 40. Port Connectivity Checks: "register:Creating_registers[0].g|D_FF:building_one_register[41].bits"
 41. Port Connectivity Checks: "register:Creating_registers[0].g|D_FF:building_one_register[40].bits"
 42. Port Connectivity Checks: "register:Creating_registers[0].g|D_FF:building_one_register[39].bits"
 43. Port Connectivity Checks: "register:Creating_registers[0].g|D_FF:building_one_register[38].bits"
 44. Port Connectivity Checks: "register:Creating_registers[0].g|D_FF:building_one_register[37].bits"
 45. Port Connectivity Checks: "register:Creating_registers[0].g|D_FF:building_one_register[36].bits"
 46. Port Connectivity Checks: "register:Creating_registers[0].g|D_FF:building_one_register[35].bits"
 47. Port Connectivity Checks: "register:Creating_registers[0].g|D_FF:building_one_register[34].bits"
 48. Port Connectivity Checks: "register:Creating_registers[0].g|D_FF:building_one_register[33].bits"
 49. Port Connectivity Checks: "register:Creating_registers[0].g|D_FF:building_one_register[32].bits"
 50. Port Connectivity Checks: "register:Creating_registers[0].g|D_FF:building_one_register[31].bits"
 51. Port Connectivity Checks: "register:Creating_registers[0].g|D_FF:building_one_register[30].bits"
 52. Port Connectivity Checks: "register:Creating_registers[0].g|D_FF:building_one_register[29].bits"
 53. Port Connectivity Checks: "register:Creating_registers[0].g|D_FF:building_one_register[28].bits"
 54. Port Connectivity Checks: "register:Creating_registers[0].g|D_FF:building_one_register[27].bits"
 55. Port Connectivity Checks: "register:Creating_registers[0].g|D_FF:building_one_register[26].bits"
 56. Port Connectivity Checks: "register:Creating_registers[0].g|D_FF:building_one_register[25].bits"
 57. Port Connectivity Checks: "register:Creating_registers[0].g|D_FF:building_one_register[24].bits"
 58. Port Connectivity Checks: "register:Creating_registers[0].g|D_FF:building_one_register[23].bits"
 59. Port Connectivity Checks: "register:Creating_registers[0].g|D_FF:building_one_register[22].bits"
 60. Port Connectivity Checks: "register:Creating_registers[0].g|D_FF:building_one_register[21].bits"
 61. Port Connectivity Checks: "register:Creating_registers[0].g|D_FF:building_one_register[20].bits"
 62. Port Connectivity Checks: "register:Creating_registers[0].g|D_FF:building_one_register[19].bits"
 63. Port Connectivity Checks: "register:Creating_registers[0].g|D_FF:building_one_register[18].bits"
 64. Port Connectivity Checks: "register:Creating_registers[0].g|D_FF:building_one_register[17].bits"
 65. Port Connectivity Checks: "register:Creating_registers[0].g|D_FF:building_one_register[16].bits"
 66. Port Connectivity Checks: "register:Creating_registers[0].g|D_FF:building_one_register[15].bits"
 67. Port Connectivity Checks: "register:Creating_registers[0].g|D_FF:building_one_register[14].bits"
 68. Port Connectivity Checks: "register:Creating_registers[0].g|D_FF:building_one_register[13].bits"
 69. Port Connectivity Checks: "register:Creating_registers[0].g|D_FF:building_one_register[12].bits"
 70. Port Connectivity Checks: "register:Creating_registers[0].g|D_FF:building_one_register[11].bits"
 71. Port Connectivity Checks: "register:Creating_registers[0].g|D_FF:building_one_register[10].bits"
 72. Port Connectivity Checks: "register:Creating_registers[0].g|D_FF:building_one_register[9].bits"
 73. Port Connectivity Checks: "register:Creating_registers[0].g|D_FF:building_one_register[8].bits"
 74. Port Connectivity Checks: "register:Creating_registers[0].g|D_FF:building_one_register[7].bits"
 75. Port Connectivity Checks: "register:Creating_registers[0].g|D_FF:building_one_register[6].bits"
 76. Port Connectivity Checks: "register:Creating_registers[0].g|D_FF:building_one_register[5].bits"
 77. Port Connectivity Checks: "register:Creating_registers[0].g|D_FF:building_one_register[4].bits"
 78. Port Connectivity Checks: "register:Creating_registers[0].g|D_FF:building_one_register[3].bits"
 79. Port Connectivity Checks: "register:Creating_registers[0].g|D_FF:building_one_register[2].bits"
 80. Port Connectivity Checks: "register:Creating_registers[0].g|D_FF:building_one_register[1].bits"
 81. Port Connectivity Checks: "register:Creating_registers[0].g|D_FF:building_one_register[0].bits"
 82. Port Connectivity Checks: "decoder3_8:d24d31"
 83. Post-Synthesis Netlist Statistics for Top Partition
 84. Elapsed Time Per Partition
 85. Analysis & Synthesis Messages
 86. Analysis & Synthesis Suppressed Messages



----------------
; Legal Notice ;
----------------
Copyright (C) 2017  Intel Corporation. All rights reserved.
Your use of Intel Corporation's design tools, logic functions 
and other software and tools, and its AMPP partner logic 
functions, and any output files from any of the foregoing 
(including device programming or simulation files), and any 
associated documentation or information are expressly subject 
to the terms and conditions of the Intel Program License 
Subscription Agreement, the Intel Quartus Prime License Agreement,
the Intel MegaCore Function License Agreement, or other 
applicable license agreement, including, without limitation, 
that your use is for the sole purpose of programming logic 
devices manufactured by Intel and sold by Intel or its 
authorized distributors.  Please refer to the applicable 
agreement for further details.



+-------------------------------------------------------------------------------+
; Analysis & Synthesis Summary                                                  ;
+---------------------------------+---------------------------------------------+
; Analysis & Synthesis Status     ; Successful - Sun Jan 16 12:24:23 2022       ;
; Quartus Prime Version           ; 17.0.0 Build 595 04/25/2017 SJ Lite Edition ;
; Revision Name                   ; DE1_SoC                                     ;
; Top-level Entity Name           ; regfile                                     ;
; Family                          ; Cyclone V                                   ;
; Logic utilization (in ALMs)     ; N/A                                         ;
; Total registers                 ; 0                                           ;
; Total pins                      ; 209                                         ;
; Total virtual pins              ; 0                                           ;
; Total block memory bits         ; 0                                           ;
; Total DSP Blocks                ; 0                                           ;
; Total HSSI RX PCSs              ; 0                                           ;
; Total HSSI PMA RX Deserializers ; 0                                           ;
; Total HSSI TX PCSs              ; 0                                           ;
; Total HSSI PMA TX Serializers   ; 0                                           ;
; Total PLLs                      ; 0                                           ;
; Total DLLs                      ; 0                                           ;
+---------------------------------+---------------------------------------------+


+---------------------------------------------------------------------------------------------------------------------------+
; Analysis & Synthesis Settings                                                                                             ;
+---------------------------------------------------------------------------------+--------------------+--------------------+
; Option                                                                          ; Setting            ; Default Value      ;
+---------------------------------------------------------------------------------+--------------------+--------------------+
; Device                                                                          ; 5CSEMA5F31C6       ;                    ;
; Top-level entity name                                                           ; regfile            ; DE1_SoC            ;
; Family name                                                                     ; Cyclone V          ; Cyclone V          ;
; State Machine Processing                                                        ; User-Encoded       ; Auto               ;
; Use smart compilation                                                           ; Off                ; Off                ;
; Enable parallel Assembler and TimeQuest Timing Analyzer during compilation      ; On                 ; On                 ;
; Enable compact report table                                                     ; Off                ; Off                ;
; Restructure Multiplexers                                                        ; Auto               ; Auto               ;
; MLAB Add Timing Constraints For Mixed-Port Feed-Through Mode Setting Don't Care ; Off                ; Off                ;
; Create Debugging Nodes for IP Cores                                             ; Off                ; Off                ;
; Preserve fewer node names                                                       ; On                 ; On                 ;
; OpenCore Plus hardware evaluation                                               ; Enable             ; Enable             ;
; Verilog Version                                                                 ; Verilog_2001       ; Verilog_2001       ;
; VHDL Version                                                                    ; VHDL_1993          ; VHDL_1993          ;
; Safe State Machine                                                              ; Off                ; Off                ;
; Extract Verilog State Machines                                                  ; On                 ; On                 ;
; Extract VHDL State Machines                                                     ; On                 ; On                 ;
; Ignore Verilog initial constructs                                               ; Off                ; Off                ;
; Iteration limit for constant Verilog loops                                      ; 5000               ; 5000               ;
; Iteration limit for non-constant Verilog loops                                  ; 250                ; 250                ;
; Add Pass-Through Logic to Inferred RAMs                                         ; On                 ; On                 ;
; Infer RAMs from Raw Logic                                                       ; On                 ; On                 ;
; Parallel Synthesis                                                              ; On                 ; On                 ;
; DSP Block Balancing                                                             ; Auto               ; Auto               ;
; NOT Gate Push-Back                                                              ; On                 ; On                 ;
; Power-Up Don't Care                                                             ; On                 ; On                 ;
; Remove Redundant Logic Cells                                                    ; Off                ; Off                ;
; Remove Duplicate Registers                                                      ; On                 ; On                 ;
; Ignore CARRY Buffers                                                            ; Off                ; Off                ;
; Ignore CASCADE Buffers                                                          ; Off                ; Off                ;
; Ignore GLOBAL Buffers                                                           ; Off                ; Off                ;
; Ignore ROW GLOBAL Buffers                                                       ; Off                ; Off                ;
; Ignore LCELL Buffers                                                            ; Off                ; Off                ;
; Ignore SOFT Buffers                                                             ; On                 ; On                 ;
; Limit AHDL Integers to 32 Bits                                                  ; Off                ; Off                ;
; Optimization Technique                                                          ; Balanced           ; Balanced           ;
; Carry Chain Length                                                              ; 70                 ; 70                 ;
; Auto Carry Chains                                                               ; On                 ; On                 ;
; Auto Open-Drain Pins                                                            ; On                 ; On                 ;
; Perform WYSIWYG Primitive Resynthesis                                           ; Off                ; Off                ;
; Auto ROM Replacement                                                            ; On                 ; On                 ;
; Auto RAM Replacement                                                            ; On                 ; On                 ;
; Auto DSP Block Replacement                                                      ; On                 ; On                 ;
; Auto Shift Register Replacement                                                 ; Auto               ; Auto               ;
; Allow Shift Register Merging across Hierarchies                                 ; Auto               ; Auto               ;
; Auto Clock Enable Replacement                                                   ; On                 ; On                 ;
; Strict RAM Replacement                                                          ; Off                ; Off                ;
; Allow Synchronous Control Signals                                               ; On                 ; On                 ;
; Force Use of Synchronous Clear Signals                                          ; Off                ; Off                ;
; Auto Resource Sharing                                                           ; Off                ; Off                ;
; Allow Any RAM Size For Recognition                                              ; Off                ; Off                ;
; Allow Any ROM Size For Recognition                                              ; Off                ; Off                ;
; Allow Any Shift Register Size For Recognition                                   ; Off                ; Off                ;
; Use LogicLock Constraints during Resource Balancing                             ; On                 ; On                 ;
; Ignore translate_off and synthesis_off directives                               ; Off                ; Off                ;
; Timing-Driven Synthesis                                                         ; On                 ; On                 ;
; Report Parameter Settings                                                       ; On                 ; On                 ;
; Report Source Assignments                                                       ; On                 ; On                 ;
; Report Connectivity Checks                                                      ; On                 ; On                 ;
; Ignore Maximum Fan-Out Assignments                                              ; Off                ; Off                ;
; Synchronization Register Chain Length                                           ; 3                  ; 3                  ;
; PowerPlay Power Optimization During Synthesis                                   ; Normal compilation ; Normal compilation ;
; HDL message level                                                               ; Level2             ; Level2             ;
; Suppress Register Optimization Related Messages                                 ; Off                ; Off                ;
; Number of Removed Registers Reported in Synthesis Report                        ; 5000               ; 5000               ;
; Number of Swept Nodes Reported in Synthesis Report                              ; 5000               ; 5000               ;
; Number of Inverted Registers Reported in Synthesis Report                       ; 100                ; 100                ;
; Clock MUX Protection                                                            ; On                 ; On                 ;
; Auto Gated Clock Conversion                                                     ; Off                ; Off                ;
; Block Design Naming                                                             ; Auto               ; Auto               ;
; SDC constraint protection                                                       ; Off                ; Off                ;
; Synthesis Effort                                                                ; Auto               ; Auto               ;
; Shift Register Replacement - Allow Asynchronous Clear Signal                    ; On                 ; On                 ;
; Pre-Mapping Resynthesis Optimization                                            ; Off                ; Off                ;
; Analysis & Synthesis Message Level                                              ; Medium             ; Medium             ;
; Disable Register Merging Across Hierarchies                                     ; Auto               ; Auto               ;
; Resource Aware Inference For Block RAM                                          ; On                 ; On                 ;
; Automatic Parallel Synthesis                                                    ; On                 ; On                 ;
; Partial Reconfiguration Bitstream ID                                            ; Off                ; Off                ;
+---------------------------------------------------------------------------------+--------------------+--------------------+


+------------------------------------------+
; Parallel Compilation                     ;
+----------------------------+-------------+
; Processors                 ; Number      ;
+----------------------------+-------------+
; Number detected on machine ; 8           ;
; Maximum allowed            ; 4           ;
;                            ;             ;
; Average used               ; 1.00        ;
; Maximum used               ; 1           ;
;                            ;             ;
; Usage by Processor         ; % Time Used ;
;     Processor 1            ; 100.0%      ;
+----------------------------+-------------+


+-----------------------------------------------------------------------------------------------------------------------------------------------------------------------+
; Analysis & Synthesis Source Files Read                                                                                                                                ;
+----------------------------------+-----------------+------------------------------+-------------------------------------------------------------------------+---------+
; File Name with User-Entered Path ; Used in Netlist ; File Type                    ; File Name with Absolute Path                                            ; Library ;
+----------------------------------+-----------------+------------------------------+-------------------------------------------------------------------------+---------+
; regfile.sv                       ; yes             ; User SystemVerilog HDL File  ; C:/Users/danie/Documents/2021-22 School Year/EE 469/Lab1/regfile.sv     ;         ;
; decoder3_8.sv                    ; yes             ; User SystemVerilog HDL File  ; C:/Users/danie/Documents/2021-22 School Year/EE 469/Lab1/decoder3_8.sv  ;         ;
; decoder2_4.sv                    ; yes             ; User SystemVerilog HDL File  ; C:/Users/danie/Documents/2021-22 School Year/EE 469/Lab1/decoder2_4.sv  ;         ;
; mux_32_1.sv                      ; yes             ; User SystemVerilog HDL File  ; C:/Users/danie/Documents/2021-22 School Year/EE 469/Lab1/mux_32_1.sv    ;         ;
; register.sv                      ; yes             ; User SystemVerilog HDL File  ; C:/Users/danie/Documents/2021-22 School Year/EE 469/Lab1/register.sv    ;         ;
; mux_64x32_1.sv                   ; yes             ; User SystemVerilog HDL File  ; C:/Users/danie/Documents/2021-22 School Year/EE 469/Lab1/mux_64x32_1.sv ;         ;
+----------------------------------+-----------------+------------------------------+-------------------------------------------------------------------------+---------+


+-------------------------------------------------------------------+
; Analysis & Synthesis Resource Usage Summary                       ;
+---------------------------------------------+---------------------+
; Resource                                    ; Usage               ;
+---------------------------------------------+---------------------+
; Estimate of Logic utilization (ALMs needed) ; 0                   ;
;                                             ;                     ;
; Combinational ALUT usage for logic          ; 0                   ;
;     -- 7 input functions                    ; 0                   ;
;     -- 6 input functions                    ; 0                   ;
;     -- 5 input functions                    ; 0                   ;
;     -- 4 input functions                    ; 0                   ;
;     -- <=3 input functions                  ; 0                   ;
;                                             ;                     ;
; Dedicated logic registers                   ; 0                   ;
;                                             ;                     ;
; I/O pins                                    ; 209                 ;
;                                             ;                     ;
; Total DSP Blocks                            ; 0                   ;
;                                             ;                     ;
; Maximum fan-out node                        ; ReadData1[0]~output ;
; Maximum fan-out                             ; 1                   ;
; Total fan-out                               ; 209                 ;
; Average fan-out                             ; 0.50                ;
+---------------------------------------------+---------------------+


+----------------------------------------------------------------------------------------------------------------------------------------------------------------------------------------+
; Analysis & Synthesis Resource Utilization by Entity                                                                                                                                    ;
+----------------------------+---------------------+---------------------------+-------------------+------------+------+--------------+---------------------+-------------+--------------+
; Compilation Hierarchy Node ; Combinational ALUTs ; Dedicated Logic Registers ; Block Memory Bits ; DSP Blocks ; Pins ; Virtual Pins ; Full Hierarchy Name ; Entity Name ; Library Name ;
+----------------------------+---------------------+---------------------------+-------------------+------------+------+--------------+---------------------+-------------+--------------+
; |regfile                   ; 0 (0)               ; 0 (0)                     ; 0                 ; 0          ; 209  ; 0            ; |regfile            ; regfile     ; work         ;
+----------------------------+---------------------+---------------------------+-------------------+------------+------+--------------+---------------------+-------------+--------------+
Note: For table entries with two numbers listed, the numbers in parentheses indicate the number of resources of the given type used by the specific entity alone. The numbers listed outside of parentheses indicate the total resources of the given type used by the specific entity and all of its sub-entities in the hierarchy.


+------------------------------------------------------+
; General Register Statistics                          ;
+----------------------------------------------+-------+
; Statistic                                    ; Value ;
+----------------------------------------------+-------+
; Total registers                              ; 0     ;
; Number of registers using Synchronous Clear  ; 0     ;
; Number of registers using Synchronous Load   ; 0     ;
; Number of registers using Asynchronous Clear ; 0     ;
; Number of registers using Asynchronous Load  ; 0     ;
; Number of registers using Clock Enable       ; 0     ;
; Number of registers using Preset             ; 0     ;
+----------------------------------------------+-------+


+-------------------------------------------------------------------------------------------------------------+
; Port Connectivity Checks: "mux_64x32_1:port1|mux_32_1:muxSelect[0].readPort1|mux4_1:building_mux[7].inputs" ;
+------+-------+----------+-----------------------------------------------------------------------------------+
; Port ; Type  ; Severity ; Details                                                                           ;
+------+-------+----------+-----------------------------------------------------------------------------------+
; ins  ; Input ; Info     ; Explicitly unconnected                                                            ;
+------+-------+----------+-----------------------------------------------------------------------------------+


+-------------------------------------------------------------------------------------------------------------+
; Port Connectivity Checks: "mux_64x32_1:port1|mux_32_1:muxSelect[0].readPort1|mux4_1:building_mux[6].inputs" ;
+------+-------+----------+-----------------------------------------------------------------------------------+
; Port ; Type  ; Severity ; Details                                                                           ;
+------+-------+----------+-----------------------------------------------------------------------------------+
; ins  ; Input ; Info     ; Explicitly unconnected                                                            ;
+------+-------+----------+-----------------------------------------------------------------------------------+


+-------------------------------------------------------------------------------------------------------------+
; Port Connectivity Checks: "mux_64x32_1:port1|mux_32_1:muxSelect[0].readPort1|mux4_1:building_mux[5].inputs" ;
+------+-------+----------+-----------------------------------------------------------------------------------+
; Port ; Type  ; Severity ; Details                                                                           ;
+------+-------+----------+-----------------------------------------------------------------------------------+
; ins  ; Input ; Info     ; Explicitly unconnected                                                            ;
+------+-------+----------+-----------------------------------------------------------------------------------+


+-------------------------------------------------------------------------------------------------------------+
; Port Connectivity Checks: "mux_64x32_1:port1|mux_32_1:muxSelect[0].readPort1|mux4_1:building_mux[4].inputs" ;
+------+-------+----------+-----------------------------------------------------------------------------------+
; Port ; Type  ; Severity ; Details                                                                           ;
+------+-------+----------+-----------------------------------------------------------------------------------+
; ins  ; Input ; Info     ; Explicitly unconnected                                                            ;
+------+-------+----------+-----------------------------------------------------------------------------------+


+-------------------------------------------------------------------------------------------------------------+
; Port Connectivity Checks: "mux_64x32_1:port1|mux_32_1:muxSelect[0].readPort1|mux4_1:building_mux[3].inputs" ;
+------+-------+----------+-----------------------------------------------------------------------------------+
; Port ; Type  ; Severity ; Details                                                                           ;
+------+-------+----------+-----------------------------------------------------------------------------------+
; ins  ; Input ; Info     ; Explicitly unconnected                                                            ;
+------+-------+----------+-----------------------------------------------------------------------------------+


+-------------------------------------------------------------------------------------------------------------+
; Port Connectivity Checks: "mux_64x32_1:port1|mux_32_1:muxSelect[0].readPort1|mux4_1:building_mux[2].inputs" ;
+------+-------+----------+-----------------------------------------------------------------------------------+
; Port ; Type  ; Severity ; Details                                                                           ;
+------+-------+----------+-----------------------------------------------------------------------------------+
; ins  ; Input ; Info     ; Explicitly unconnected                                                            ;
+------+-------+----------+-----------------------------------------------------------------------------------+


+-------------------------------------------------------------------------------------------------------------+
; Port Connectivity Checks: "mux_64x32_1:port1|mux_32_1:muxSelect[0].readPort1|mux4_1:building_mux[1].inputs" ;
+------+-------+----------+-----------------------------------------------------------------------------------+
; Port ; Type  ; Severity ; Details                                                                           ;
+------+-------+----------+-----------------------------------------------------------------------------------+
; ins  ; Input ; Info     ; Explicitly unconnected                                                            ;
+------+-------+----------+-----------------------------------------------------------------------------------+


+-------------------------------------------------------------------------------------------------------------+
; Port Connectivity Checks: "mux_64x32_1:port1|mux_32_1:muxSelect[0].readPort1|mux4_1:building_mux[0].inputs" ;
+------+-------+----------+-----------------------------------------------------------------------------------+
; Port ; Type  ; Severity ; Details                                                                           ;
+------+-------+----------+-----------------------------------------------------------------------------------+
; ins  ; Input ; Info     ; Explicitly unconnected                                                            ;
+------+-------+----------+-----------------------------------------------------------------------------------+


+--------------------------------------------+
; Port Connectivity Checks: "register:reg31" ;
+--------+-------+----------+----------------+
; Port   ; Type  ; Severity ; Details        ;
+--------+-------+----------+----------------+
; Din    ; Input ; Info     ; Stuck at GND   ;
; enable ; Input ; Info     ; Stuck at VCC   ;
+--------+-------+----------+----------------+


+--------------------------------------------------------------------------------------------------+
; Port Connectivity Checks: "register:Creating_registers[0].g|D_FF:building_one_register[63].bits" ;
+-------+-------+----------+-----------------------------------------------------------------------+
; Port  ; Type  ; Severity ; Details                                                               ;
+-------+-------+----------+-----------------------------------------------------------------------+
; reset ; Input ; Info     ; Stuck at GND                                                          ;
+-------+-------+----------+-----------------------------------------------------------------------+


+--------------------------------------------------------------------------------------------------+
; Port Connectivity Checks: "register:Creating_registers[0].g|D_FF:building_one_register[62].bits" ;
+-------+-------+----------+-----------------------------------------------------------------------+
; Port  ; Type  ; Severity ; Details                                                               ;
+-------+-------+----------+-----------------------------------------------------------------------+
; reset ; Input ; Info     ; Stuck at GND                                                          ;
+-------+-------+----------+-----------------------------------------------------------------------+


+--------------------------------------------------------------------------------------------------+
; Port Connectivity Checks: "register:Creating_registers[0].g|D_FF:building_one_register[61].bits" ;
+-------+-------+----------+-----------------------------------------------------------------------+
; Port  ; Type  ; Severity ; Details                                                               ;
+-------+-------+----------+-----------------------------------------------------------------------+
; reset ; Input ; Info     ; Stuck at GND                                                          ;
+-------+-------+----------+-----------------------------------------------------------------------+


+--------------------------------------------------------------------------------------------------+
; Port Connectivity Checks: "register:Creating_registers[0].g|D_FF:building_one_register[60].bits" ;
+-------+-------+----------+-----------------------------------------------------------------------+
; Port  ; Type  ; Severity ; Details                                                               ;
+-------+-------+----------+-----------------------------------------------------------------------+
; reset ; Input ; Info     ; Stuck at GND                                                          ;
+-------+-------+----------+-----------------------------------------------------------------------+


+--------------------------------------------------------------------------------------------------+
; Port Connectivity Checks: "register:Creating_registers[0].g|D_FF:building_one_register[59].bits" ;
+-------+-------+----------+-----------------------------------------------------------------------+
; Port  ; Type  ; Severity ; Details                                                               ;
+-------+-------+----------+-----------------------------------------------------------------------+
; reset ; Input ; Info     ; Stuck at GND                                                          ;
+-------+-------+----------+-----------------------------------------------------------------------+


+--------------------------------------------------------------------------------------------------+
; Port Connectivity Checks: "register:Creating_registers[0].g|D_FF:building_one_register[58].bits" ;
+-------+-------+----------+-----------------------------------------------------------------------+
; Port  ; Type  ; Severity ; Details                                                               ;
+-------+-------+----------+-----------------------------------------------------------------------+
; reset ; Input ; Info     ; Stuck at GND                                                          ;
+-------+-------+----------+-----------------------------------------------------------------------+


+--------------------------------------------------------------------------------------------------+
; Port Connectivity Checks: "register:Creating_registers[0].g|D_FF:building_one_register[57].bits" ;
+-------+-------+----------+-----------------------------------------------------------------------+
; Port  ; Type  ; Severity ; Details                                                               ;
+-------+-------+----------+-----------------------------------------------------------------------+
; reset ; Input ; Info     ; Stuck at GND                                                          ;
+-------+-------+----------+-----------------------------------------------------------------------+


+--------------------------------------------------------------------------------------------------+
; Port Connectivity Checks: "register:Creating_registers[0].g|D_FF:building_one_register[56].bits" ;
+-------+-------+----------+-----------------------------------------------------------------------+
; Port  ; Type  ; Severity ; Details                                                               ;
+-------+-------+----------+-----------------------------------------------------------------------+
; reset ; Input ; Info     ; Stuck at GND                                                          ;
+-------+-------+----------+-----------------------------------------------------------------------+


+--------------------------------------------------------------------------------------------------+
; Port Connectivity Checks: "register:Creating_registers[0].g|D_FF:building_one_register[55].bits" ;
+-------+-------+----------+-----------------------------------------------------------------------+
; Port  ; Type  ; Severity ; Details                                                               ;
+-------+-------+----------+-----------------------------------------------------------------------+
; reset ; Input ; Info     ; Stuck at GND                                                          ;
+-------+-------+----------+-----------------------------------------------------------------------+


+--------------------------------------------------------------------------------------------------+
; Port Connectivity Checks: "register:Creating_registers[0].g|D_FF:building_one_register[54].bits" ;
+-------+-------+----------+-----------------------------------------------------------------------+
; Port  ; Type  ; Severity ; Details                                                               ;
+-------+-------+----------+-----------------------------------------------------------------------+
; reset ; Input ; Info     ; Stuck at GND                                                          ;
+-------+-------+----------+-----------------------------------------------------------------------+


+--------------------------------------------------------------------------------------------------+
; Port Connectivity Checks: "register:Creating_registers[0].g|D_FF:building_one_register[53].bits" ;
+-------+-------+----------+-----------------------------------------------------------------------+
; Port  ; Type  ; Severity ; Details                                                               ;
+-------+-------+----------+-----------------------------------------------------------------------+
; reset ; Input ; Info     ; Stuck at GND                                                          ;
+-------+-------+----------+-----------------------------------------------------------------------+


+--------------------------------------------------------------------------------------------------+
; Port Connectivity Checks: "register:Creating_registers[0].g|D_FF:building_one_register[52].bits" ;
+-------+-------+----------+-----------------------------------------------------------------------+
; Port  ; Type  ; Severity ; Details                                                               ;
+-------+-------+----------+-----------------------------------------------------------------------+
; reset ; Input ; Info     ; Stuck at GND                                                          ;
+-------+-------+----------+-----------------------------------------------------------------------+


+--------------------------------------------------------------------------------------------------+
; Port Connectivity Checks: "register:Creating_registers[0].g|D_FF:building_one_register[51].bits" ;
+-------+-------+----------+-----------------------------------------------------------------------+
; Port  ; Type  ; Severity ; Details                                                               ;
+-------+-------+----------+-----------------------------------------------------------------------+
; reset ; Input ; Info     ; Stuck at GND                                                          ;
+-------+-------+----------+-----------------------------------------------------------------------+


+--------------------------------------------------------------------------------------------------+
; Port Connectivity Checks: "register:Creating_registers[0].g|D_FF:building_one_register[50].bits" ;
+-------+-------+----------+-----------------------------------------------------------------------+
; Port  ; Type  ; Severity ; Details                                                               ;
+-------+-------+----------+-----------------------------------------------------------------------+
; reset ; Input ; Info     ; Stuck at GND                                                          ;
+-------+-------+----------+-----------------------------------------------------------------------+


+--------------------------------------------------------------------------------------------------+
; Port Connectivity Checks: "register:Creating_registers[0].g|D_FF:building_one_register[49].bits" ;
+-------+-------+----------+-----------------------------------------------------------------------+
; Port  ; Type  ; Severity ; Details                                                               ;
+-------+-------+----------+-----------------------------------------------------------------------+
; reset ; Input ; Info     ; Stuck at GND                                                          ;
+-------+-------+----------+-----------------------------------------------------------------------+


+--------------------------------------------------------------------------------------------------+
; Port Connectivity Checks: "register:Creating_registers[0].g|D_FF:building_one_register[48].bits" ;
+-------+-------+----------+-----------------------------------------------------------------------+
; Port  ; Type  ; Severity ; Details                                                               ;
+-------+-------+----------+-----------------------------------------------------------------------+
; reset ; Input ; Info     ; Stuck at GND                                                          ;
+-------+-------+----------+-----------------------------------------------------------------------+


+--------------------------------------------------------------------------------------------------+
; Port Connectivity Checks: "register:Creating_registers[0].g|D_FF:building_one_register[47].bits" ;
+-------+-------+----------+-----------------------------------------------------------------------+
; Port  ; Type  ; Severity ; Details                                                               ;
+-------+-------+----------+-----------------------------------------------------------------------+
; reset ; Input ; Info     ; Stuck at GND                                                          ;
+-------+-------+----------+-----------------------------------------------------------------------+


+--------------------------------------------------------------------------------------------------+
; Port Connectivity Checks: "register:Creating_registers[0].g|D_FF:building_one_register[46].bits" ;
+-------+-------+----------+-----------------------------------------------------------------------+
; Port  ; Type  ; Severity ; Details                                                               ;
+-------+-------+----------+-----------------------------------------------------------------------+
; reset ; Input ; Info     ; Stuck at GND                                                          ;
+-------+-------+----------+-----------------------------------------------------------------------+


+--------------------------------------------------------------------------------------------------+
; Port Connectivity Checks: "register:Creating_registers[0].g|D_FF:building_one_register[45].bits" ;
+-------+-------+----------+-----------------------------------------------------------------------+
; Port  ; Type  ; Severity ; Details                                                               ;
+-------+-------+----------+-----------------------------------------------------------------------+
; reset ; Input ; Info     ; Stuck at GND                                                          ;
+-------+-------+----------+-----------------------------------------------------------------------+


+--------------------------------------------------------------------------------------------------+
; Port Connectivity Checks: "register:Creating_registers[0].g|D_FF:building_one_register[44].bits" ;
+-------+-------+----------+-----------------------------------------------------------------------+
; Port  ; Type  ; Severity ; Details                                                               ;
+-------+-------+----------+-----------------------------------------------------------------------+
; reset ; Input ; Info     ; Stuck at GND                                                          ;
+-------+-------+----------+-----------------------------------------------------------------------+


+--------------------------------------------------------------------------------------------------+
; Port Connectivity Checks: "register:Creating_registers[0].g|D_FF:building_one_register[43].bits" ;
+-------+-------+----------+-----------------------------------------------------------------------+
; Port  ; Type  ; Severity ; Details                                                               ;
+-------+-------+----------+-----------------------------------------------------------------------+
; reset ; Input ; Info     ; Stuck at GND                                                          ;
+-------+-------+----------+-----------------------------------------------------------------------+


+--------------------------------------------------------------------------------------------------+
; Port Connectivity Checks: "register:Creating_registers[0].g|D_FF:building_one_register[42].bits" ;
+-------+-------+----------+-----------------------------------------------------------------------+
; Port  ; Type  ; Severity ; Details                                                               ;
+-------+-------+----------+-----------------------------------------------------------------------+
; reset ; Input ; Info     ; Stuck at GND                                                          ;
+-------+-------+----------+-----------------------------------------------------------------------+


+--------------------------------------------------------------------------------------------------+
; Port Connectivity Checks: "register:Creating_registers[0].g|D_FF:building_one_register[41].bits" ;
+-------+-------+----------+-----------------------------------------------------------------------+
; Port  ; Type  ; Severity ; Details                                                               ;
+-------+-------+----------+-----------------------------------------------------------------------+
; reset ; Input ; Info     ; Stuck at GND                                                          ;
+-------+-------+----------+-----------------------------------------------------------------------+


+--------------------------------------------------------------------------------------------------+
; Port Connectivity Checks: "register:Creating_registers[0].g|D_FF:building_one_register[40].bits" ;
+-------+-------+----------+-----------------------------------------------------------------------+
; Port  ; Type  ; Severity ; Details                                                               ;
+-------+-------+----------+-----------------------------------------------------------------------+
; reset ; Input ; Info     ; Stuck at GND                                                          ;
+-------+-------+----------+-----------------------------------------------------------------------+


+--------------------------------------------------------------------------------------------------+
; Port Connectivity Checks: "register:Creating_registers[0].g|D_FF:building_one_register[39].bits" ;
+-------+-------+----------+-----------------------------------------------------------------------+
; Port  ; Type  ; Severity ; Details                                                               ;
+-------+-------+----------+-----------------------------------------------------------------------+
; reset ; Input ; Info     ; Stuck at GND                                                          ;
+-------+-------+----------+-----------------------------------------------------------------------+


+--------------------------------------------------------------------------------------------------+
; Port Connectivity Checks: "register:Creating_registers[0].g|D_FF:building_one_register[38].bits" ;
+-------+-------+----------+-----------------------------------------------------------------------+
; Port  ; Type  ; Severity ; Details                                                               ;
+-------+-------+----------+-----------------------------------------------------------------------+
; reset ; Input ; Info     ; Stuck at GND                                                          ;
+-------+-------+----------+-----------------------------------------------------------------------+


+--------------------------------------------------------------------------------------------------+
; Port Connectivity Checks: "register:Creating_registers[0].g|D_FF:building_one_register[37].bits" ;
+-------+-------+----------+-----------------------------------------------------------------------+
; Port  ; Type  ; Severity ; Details                                                               ;
+-------+-------+----------+-----------------------------------------------------------------------+
; reset ; Input ; Info     ; Stuck at GND                                                          ;
+-------+-------+----------+-----------------------------------------------------------------------+


+--------------------------------------------------------------------------------------------------+
; Port Connectivity Checks: "register:Creating_registers[0].g|D_FF:building_one_register[36].bits" ;
+-------+-------+----------+-----------------------------------------------------------------------+
; Port  ; Type  ; Severity ; Details                                                               ;
+-------+-------+----------+-----------------------------------------------------------------------+
; reset ; Input ; Info     ; Stuck at GND                                                          ;
+-------+-------+----------+-----------------------------------------------------------------------+


+--------------------------------------------------------------------------------------------------+
; Port Connectivity Checks: "register:Creating_registers[0].g|D_FF:building_one_register[35].bits" ;
+-------+-------+----------+-----------------------------------------------------------------------+
; Port  ; Type  ; Severity ; Details                                                               ;
+-------+-------+----------+-----------------------------------------------------------------------+
; reset ; Input ; Info     ; Stuck at GND                                                          ;
+-------+-------+----------+-----------------------------------------------------------------------+


+--------------------------------------------------------------------------------------------------+
; Port Connectivity Checks: "register:Creating_registers[0].g|D_FF:building_one_register[34].bits" ;
+-------+-------+----------+-----------------------------------------------------------------------+
; Port  ; Type  ; Severity ; Details                                                               ;
+-------+-------+----------+-----------------------------------------------------------------------+
; reset ; Input ; Info     ; Stuck at GND                                                          ;
+-------+-------+----------+-----------------------------------------------------------------------+


+--------------------------------------------------------------------------------------------------+
; Port Connectivity Checks: "register:Creating_registers[0].g|D_FF:building_one_register[33].bits" ;
+-------+-------+----------+-----------------------------------------------------------------------+
; Port  ; Type  ; Severity ; Details                                                               ;
+-------+-------+----------+-----------------------------------------------------------------------+
; reset ; Input ; Info     ; Stuck at GND                                                          ;
+-------+-------+----------+-----------------------------------------------------------------------+


+--------------------------------------------------------------------------------------------------+
; Port Connectivity Checks: "register:Creating_registers[0].g|D_FF:building_one_register[32].bits" ;
+-------+-------+----------+-----------------------------------------------------------------------+
; Port  ; Type  ; Severity ; Details                                                               ;
+-------+-------+----------+-----------------------------------------------------------------------+
; reset ; Input ; Info     ; Stuck at GND                                                          ;
+-------+-------+----------+-----------------------------------------------------------------------+


+--------------------------------------------------------------------------------------------------+
; Port Connectivity Checks: "register:Creating_registers[0].g|D_FF:building_one_register[31].bits" ;
+-------+-------+----------+-----------------------------------------------------------------------+
; Port  ; Type  ; Severity ; Details                                                               ;
+-------+-------+----------+-----------------------------------------------------------------------+
; reset ; Input ; Info     ; Stuck at GND                                                          ;
+-------+-------+----------+-----------------------------------------------------------------------+


+--------------------------------------------------------------------------------------------------+
; Port Connectivity Checks: "register:Creating_registers[0].g|D_FF:building_one_register[30].bits" ;
+-------+-------+----------+-----------------------------------------------------------------------+
; Port  ; Type  ; Severity ; Details                                                               ;
+-------+-------+----------+-----------------------------------------------------------------------+
; reset ; Input ; Info     ; Stuck at GND                                                          ;
+-------+-------+----------+-----------------------------------------------------------------------+


+--------------------------------------------------------------------------------------------------+
; Port Connectivity Checks: "register:Creating_registers[0].g|D_FF:building_one_register[29].bits" ;
+-------+-------+----------+-----------------------------------------------------------------------+
; Port  ; Type  ; Severity ; Details                                                               ;
+-------+-------+----------+-----------------------------------------------------------------------+
; reset ; Input ; Info     ; Stuck at GND                                                          ;
+-------+-------+----------+-----------------------------------------------------------------------+


+--------------------------------------------------------------------------------------------------+
; Port Connectivity Checks: "register:Creating_registers[0].g|D_FF:building_one_register[28].bits" ;
+-------+-------+----------+-----------------------------------------------------------------------+
; Port  ; Type  ; Severity ; Details                                                               ;
+-------+-------+----------+-----------------------------------------------------------------------+
; reset ; Input ; Info     ; Stuck at GND                                                          ;
+-------+-------+----------+-----------------------------------------------------------------------+


+--------------------------------------------------------------------------------------------------+
; Port Connectivity Checks: "register:Creating_registers[0].g|D_FF:building_one_register[27].bits" ;
+-------+-------+----------+-----------------------------------------------------------------------+
; Port  ; Type  ; Severity ; Details                                                               ;
+-------+-------+----------+-----------------------------------------------------------------------+
; reset ; Input ; Info     ; Stuck at GND                                                          ;
+-------+-------+----------+-----------------------------------------------------------------------+


+--------------------------------------------------------------------------------------------------+
; Port Connectivity Checks: "register:Creating_registers[0].g|D_FF:building_one_register[26].bits" ;
+-------+-------+----------+-----------------------------------------------------------------------+
; Port  ; Type  ; Severity ; Details                                                               ;
+-------+-------+----------+-----------------------------------------------------------------------+
; reset ; Input ; Info     ; Stuck at GND                                                          ;
+-------+-------+----------+-----------------------------------------------------------------------+


+--------------------------------------------------------------------------------------------------+
; Port Connectivity Checks: "register:Creating_registers[0].g|D_FF:building_one_register[25].bits" ;
+-------+-------+----------+-----------------------------------------------------------------------+
; Port  ; Type  ; Severity ; Details                                                               ;
+-------+-------+----------+-----------------------------------------------------------------------+
; reset ; Input ; Info     ; Stuck at GND                                                          ;
+-------+-------+----------+-----------------------------------------------------------------------+


+--------------------------------------------------------------------------------------------------+
; Port Connectivity Checks: "register:Creating_registers[0].g|D_FF:building_one_register[24].bits" ;
+-------+-------+----------+-----------------------------------------------------------------------+
; Port  ; Type  ; Severity ; Details                                                               ;
+-------+-------+----------+-----------------------------------------------------------------------+
; reset ; Input ; Info     ; Stuck at GND                                                          ;
+-------+-------+----------+-----------------------------------------------------------------------+


+--------------------------------------------------------------------------------------------------+
; Port Connectivity Checks: "register:Creating_registers[0].g|D_FF:building_one_register[23].bits" ;
+-------+-------+----------+-----------------------------------------------------------------------+
; Port  ; Type  ; Severity ; Details                                                               ;
+-------+-------+----------+-----------------------------------------------------------------------+
; reset ; Input ; Info     ; Stuck at GND                                                          ;
+-------+-------+----------+-----------------------------------------------------------------------+


+--------------------------------------------------------------------------------------------------+
; Port Connectivity Checks: "register:Creating_registers[0].g|D_FF:building_one_register[22].bits" ;
+-------+-------+----------+-----------------------------------------------------------------------+
; Port  ; Type  ; Severity ; Details                                                               ;
+-------+-------+----------+-----------------------------------------------------------------------+
; reset ; Input ; Info     ; Stuck at GND                                                          ;
+-------+-------+----------+-----------------------------------------------------------------------+


+--------------------------------------------------------------------------------------------------+
; Port Connectivity Checks: "register:Creating_registers[0].g|D_FF:building_one_register[21].bits" ;
+-------+-------+----------+-----------------------------------------------------------------------+
; Port  ; Type  ; Severity ; Details                                                               ;
+-------+-------+----------+-----------------------------------------------------------------------+
; reset ; Input ; Info     ; Stuck at GND                                                          ;
+-------+-------+----------+-----------------------------------------------------------------------+


+--------------------------------------------------------------------------------------------------+
; Port Connectivity Checks: "register:Creating_registers[0].g|D_FF:building_one_register[20].bits" ;
+-------+-------+----------+-----------------------------------------------------------------------+
; Port  ; Type  ; Severity ; Details                                                               ;
+-------+-------+----------+-----------------------------------------------------------------------+
; reset ; Input ; Info     ; Stuck at GND                                                          ;
+-------+-------+----------+-----------------------------------------------------------------------+


+--------------------------------------------------------------------------------------------------+
; Port Connectivity Checks: "register:Creating_registers[0].g|D_FF:building_one_register[19].bits" ;
+-------+-------+----------+-----------------------------------------------------------------------+
; Port  ; Type  ; Severity ; Details                                                               ;
+-------+-------+----------+-----------------------------------------------------------------------+
; reset ; Input ; Info     ; Stuck at GND                                                          ;
+-------+-------+----------+-----------------------------------------------------------------------+


+--------------------------------------------------------------------------------------------------+
; Port Connectivity Checks: "register:Creating_registers[0].g|D_FF:building_one_register[18].bits" ;
+-------+-------+----------+-----------------------------------------------------------------------+
; Port  ; Type  ; Severity ; Details                                                               ;
+-------+-------+----------+-----------------------------------------------------------------------+
; reset ; Input ; Info     ; Stuck at GND                                                          ;
+-------+-------+----------+-----------------------------------------------------------------------+


+--------------------------------------------------------------------------------------------------+
; Port Connectivity Checks: "register:Creating_registers[0].g|D_FF:building_one_register[17].bits" ;
+-------+-------+----------+-----------------------------------------------------------------------+
; Port  ; Type  ; Severity ; Details                                                               ;
+-------+-------+----------+-----------------------------------------------------------------------+
; reset ; Input ; Info     ; Stuck at GND                                                          ;
+-------+-------+----------+-----------------------------------------------------------------------+


+--------------------------------------------------------------------------------------------------+
; Port Connectivity Checks: "register:Creating_registers[0].g|D_FF:building_one_register[16].bits" ;
+-------+-------+----------+-----------------------------------------------------------------------+
; Port  ; Type  ; Severity ; Details                                                               ;
+-------+-------+----------+-----------------------------------------------------------------------+
; reset ; Input ; Info     ; Stuck at GND                                                          ;
+-------+-------+----------+-----------------------------------------------------------------------+


+--------------------------------------------------------------------------------------------------+
; Port Connectivity Checks: "register:Creating_registers[0].g|D_FF:building_one_register[15].bits" ;
+-------+-------+----------+-----------------------------------------------------------------------+
; Port  ; Type  ; Severity ; Details                                                               ;
+-------+-------+----------+-----------------------------------------------------------------------+
; reset ; Input ; Info     ; Stuck at GND                                                          ;
+-------+-------+----------+-----------------------------------------------------------------------+


+--------------------------------------------------------------------------------------------------+
; Port Connectivity Checks: "register:Creating_registers[0].g|D_FF:building_one_register[14].bits" ;
+-------+-------+----------+-----------------------------------------------------------------------+
; Port  ; Type  ; Severity ; Details                                                               ;
+-------+-------+----------+-----------------------------------------------------------------------+
; reset ; Input ; Info     ; Stuck at GND                                                          ;
+-------+-------+----------+-----------------------------------------------------------------------+


+--------------------------------------------------------------------------------------------------+
; Port Connectivity Checks: "register:Creating_registers[0].g|D_FF:building_one_register[13].bits" ;
+-------+-------+----------+-----------------------------------------------------------------------+
; Port  ; Type  ; Severity ; Details                                                               ;
+-------+-------+----------+-----------------------------------------------------------------------+
; reset ; Input ; Info     ; Stuck at GND                                                          ;
+-------+-------+----------+-----------------------------------------------------------------------+


+--------------------------------------------------------------------------------------------------+
; Port Connectivity Checks: "register:Creating_registers[0].g|D_FF:building_one_register[12].bits" ;
+-------+-------+----------+-----------------------------------------------------------------------+
; Port  ; Type  ; Severity ; Details                                                               ;
+-------+-------+----------+-----------------------------------------------------------------------+
; reset ; Input ; Info     ; Stuck at GND                                                          ;
+-------+-------+----------+-----------------------------------------------------------------------+


+--------------------------------------------------------------------------------------------------+
; Port Connectivity Checks: "register:Creating_registers[0].g|D_FF:building_one_register[11].bits" ;
+-------+-------+----------+-----------------------------------------------------------------------+
; Port  ; Type  ; Severity ; Details                                                               ;
+-------+-------+----------+-----------------------------------------------------------------------+
; reset ; Input ; Info     ; Stuck at GND                                                          ;
+-------+-------+----------+-----------------------------------------------------------------------+


+--------------------------------------------------------------------------------------------------+
; Port Connectivity Checks: "register:Creating_registers[0].g|D_FF:building_one_register[10].bits" ;
+-------+-------+----------+-----------------------------------------------------------------------+
; Port  ; Type  ; Severity ; Details                                                               ;
+-------+-------+----------+-----------------------------------------------------------------------+
; reset ; Input ; Info     ; Stuck at GND                                                          ;
+-------+-------+----------+-----------------------------------------------------------------------+


+-------------------------------------------------------------------------------------------------+
; Port Connectivity Checks: "register:Creating_registers[0].g|D_FF:building_one_register[9].bits" ;
+-------+-------+----------+----------------------------------------------------------------------+
; Port  ; Type  ; Severity ; Details                                                              ;
+-------+-------+----------+----------------------------------------------------------------------+
; reset ; Input ; Info     ; Stuck at GND                                                         ;
+-------+-------+----------+----------------------------------------------------------------------+


+-------------------------------------------------------------------------------------------------+
; Port Connectivity Checks: "register:Creating_registers[0].g|D_FF:building_one_register[8].bits" ;
+-------+-------+----------+----------------------------------------------------------------------+
; Port  ; Type  ; Severity ; Details                                                              ;
+-------+-------+----------+----------------------------------------------------------------------+
; reset ; Input ; Info     ; Stuck at GND                                                         ;
+-------+-------+----------+----------------------------------------------------------------------+


+-------------------------------------------------------------------------------------------------+
; Port Connectivity Checks: "register:Creating_registers[0].g|D_FF:building_one_register[7].bits" ;
+-------+-------+----------+----------------------------------------------------------------------+
; Port  ; Type  ; Severity ; Details                                                              ;
+-------+-------+----------+----------------------------------------------------------------------+
; reset ; Input ; Info     ; Stuck at GND                                                         ;
+-------+-------+----------+----------------------------------------------------------------------+


+-------------------------------------------------------------------------------------------------+
; Port Connectivity Checks: "register:Creating_registers[0].g|D_FF:building_one_register[6].bits" ;
+-------+-------+----------+----------------------------------------------------------------------+
; Port  ; Type  ; Severity ; Details                                                              ;
+-------+-------+----------+----------------------------------------------------------------------+
; reset ; Input ; Info     ; Stuck at GND                                                         ;
+-------+-------+----------+----------------------------------------------------------------------+


+-------------------------------------------------------------------------------------------------+
; Port Connectivity Checks: "register:Creating_registers[0].g|D_FF:building_one_register[5].bits" ;
+-------+-------+----------+----------------------------------------------------------------------+
; Port  ; Type  ; Severity ; Details                                                              ;
+-------+-------+----------+----------------------------------------------------------------------+
; reset ; Input ; Info     ; Stuck at GND                                                         ;
+-------+-------+----------+----------------------------------------------------------------------+


+-------------------------------------------------------------------------------------------------+
; Port Connectivity Checks: "register:Creating_registers[0].g|D_FF:building_one_register[4].bits" ;
+-------+-------+----------+----------------------------------------------------------------------+
; Port  ; Type  ; Severity ; Details                                                              ;
+-------+-------+----------+----------------------------------------------------------------------+
; reset ; Input ; Info     ; Stuck at GND                                                         ;
+-------+-------+----------+----------------------------------------------------------------------+


+-------------------------------------------------------------------------------------------------+
; Port Connectivity Checks: "register:Creating_registers[0].g|D_FF:building_one_register[3].bits" ;
+-------+-------+----------+----------------------------------------------------------------------+
; Port  ; Type  ; Severity ; Details                                                              ;
+-------+-------+----------+----------------------------------------------------------------------+
; reset ; Input ; Info     ; Stuck at GND                                                         ;
+-------+-------+----------+----------------------------------------------------------------------+


+-------------------------------------------------------------------------------------------------+
; Port Connectivity Checks: "register:Creating_registers[0].g|D_FF:building_one_register[2].bits" ;
+-------+-------+----------+----------------------------------------------------------------------+
; Port  ; Type  ; Severity ; Details                                                              ;
+-------+-------+----------+----------------------------------------------------------------------+
; reset ; Input ; Info     ; Stuck at GND                                                         ;
+-------+-------+----------+----------------------------------------------------------------------+


+-------------------------------------------------------------------------------------------------+
; Port Connectivity Checks: "register:Creating_registers[0].g|D_FF:building_one_register[1].bits" ;
+-------+-------+----------+----------------------------------------------------------------------+
; Port  ; Type  ; Severity ; Details                                                              ;
+-------+-------+----------+----------------------------------------------------------------------+
; reset ; Input ; Info     ; Stuck at GND                                                         ;
+-------+-------+----------+----------------------------------------------------------------------+


+-------------------------------------------------------------------------------------------------+
; Port Connectivity Checks: "register:Creating_registers[0].g|D_FF:building_one_register[0].bits" ;
+-------+-------+----------+----------------------------------------------------------------------+
; Port  ; Type  ; Severity ; Details                                                              ;
+-------+-------+----------+----------------------------------------------------------------------+
; reset ; Input ; Info     ; Stuck at GND                                                         ;
+-------+-------+----------+----------------------------------------------------------------------+


+----------------------------------------------------------------------------------------------------------------+
; Port Connectivity Checks: "decoder3_8:d24d31"                                                                  ;
+------+--------+----------+-------------------------------------------------------------------------------------+
; Port ; Type   ; Severity ; Details                                                                             ;
+------+--------+----------+-------------------------------------------------------------------------------------+
; d[7] ; Output ; Info     ; Connected to dangling logic. Logic that only feeds a dangling port will be removed. ;
+------+--------+----------+-------------------------------------------------------------------------------------+


+-----------------------------------------------------+
; Post-Synthesis Netlist Statistics for Top Partition ;
+-----------------------+-----------------------------+
; Type                  ; Count                       ;
+-----------------------+-----------------------------+
; arriav_lcell_comb     ; 1                           ;
;     normal            ; 1                           ;
;         0 data inputs ; 1                           ;
; boundary_port         ; 209                         ;
;                       ;                             ;
; Max LUT depth         ; 0.00                        ;
; Average LUT depth     ; 0.00                        ;
+-----------------------+-----------------------------+


+-------------------------------+
; Elapsed Time Per Partition    ;
+----------------+--------------+
; Partition Name ; Elapsed Time ;
+----------------+--------------+
; Top            ; 00:00:00     ;
+----------------+--------------+


+-------------------------------+
; Analysis & Synthesis Messages ;
+-------------------------------+
Info: *******************************************************************
Info: Running Quartus Prime Analysis & Synthesis
    Info: Version 17.0.0 Build 595 04/25/2017 SJ Lite Edition
    Info: Processing started: Sun Jan 16 12:24:10 2022
Info: Command: quartus_map --read_settings_files=on --write_settings_files=off DE1_SoC -c DE1_SoC
Info (20030): Parallel compilation is enabled and will use 4 of the 4 processors detected
Warning (12019): Can't analyze file -- file DE1_SoC.sv is missing
Info (12021): Found 1 design units, including 1 entities, in source file regfile.sv
    Info (12023): Found entity 1: regfile File: C:/Users/danie/Documents/2021-22 School Year/EE 469/Lab1/regfile.sv Line: 12
Info (12021): Found 2 design units, including 2 entities, in source file decoder3_8.sv
    Info (12023): Found entity 1: decoder3_8 File: C:/Users/danie/Documents/2021-22 School Year/EE 469/Lab1/decoder3_8.sv Line: 8
    Info (12023): Found entity 2: decoder3_8_testbench File: C:/Users/danie/Documents/2021-22 School Year/EE 469/Lab1/decoder3_8.sv Line: 30
Info (12021): Found 2 design units, including 2 entities, in source file decoder2_4.sv
    Info (12023): Found entity 1: decoder2_4 File: C:/Users/danie/Documents/2021-22 School Year/EE 469/Lab1/decoder2_4.sv Line: 8
    Info (12023): Found entity 2: decoder2_4_testbench File: C:/Users/danie/Documents/2021-22 School Year/EE 469/Lab1/decoder2_4.sv Line: 25
Info (12021): Found 4 design units, including 4 entities, in source file mux_32_1.sv
    Info (12023): Found entity 1: mux_32_1 File: C:/Users/danie/Documents/2021-22 School Year/EE 469/Lab1/mux_32_1.sv Line: 10
    Info (12023): Found entity 2: Mux2_1 File: C:/Users/danie/Documents/2021-22 School Year/EE 469/Lab1/mux_32_1.sv Line: 40
    Info (12023): Found entity 3: mux4_1 File: C:/Users/danie/Documents/2021-22 School Year/EE 469/Lab1/mux_32_1.sv Line: 62
    Info (12023): Found entity 4: mux_32_1_testbench File: C:/Users/danie/Documents/2021-22 School Year/EE 469/Lab1/mux_32_1.sv Line: 83
Info (12021): Found 2 design units, including 2 entities, in source file register.sv
    Info (12023): Found entity 1: register File: C:/Users/danie/Documents/2021-22 School Year/EE 469/Lab1/register.sv Line: 10
    Info (12023): Found entity 2: D_FF File: C:/Users/danie/Documents/2021-22 School Year/EE 469/Lab1/register.sv Line: 30
Info (12021): Found 2 design units, including 2 entities, in source file mux_64x32_1.sv
    Info (12023): Found entity 1: mux_64x32_1 File: C:/Users/danie/Documents/2021-22 School Year/EE 469/Lab1/mux_64x32_1.sv Line: 13
    Info (12023): Found entity 2: mux_64x32_1_testbench File: C:/Users/danie/Documents/2021-22 School Year/EE 469/Lab1/mux_64x32_1.sv Line: 40
Info (12021): Found 1 design units, including 1 entities, in source file regstim.sv
    Info (12023): Found entity 1: regstim File: C:/Users/danie/Documents/2021-22 School Year/EE 469/Lab1/regstim.sv Line: 4
Info (12127): Elaborating entity "regfile" for the top level hierarchy
Info (12128): Elaborating entity "decoder2_4" for hierarchy "decoder2_4:en" File: C:/Users/danie/Documents/2021-22 School Year/EE 469/Lab1/regfile.sv Line: 32
Info (12128): Elaborating entity "decoder3_8" for hierarchy "decoder3_8:d0d7" File: C:/Users/danie/Documents/2021-22 School Year/EE 469/Lab1/regfile.sv Line: 33
Info (12128): Elaborating entity "register" for hierarchy "register:Creating_registers[0].g" File: C:/Users/danie/Documents/2021-22 School Year/EE 469/Lab1/regfile.sv Line: 42
Info (12128): Elaborating entity "Mux2_1" for hierarchy "register:Creating_registers[0].g|Mux2_1:building_one_register[0].selector" File: C:/Users/danie/Documents/2021-22 School Year/EE 469/Lab1/register.sv Line: 21
Info (12128): Elaborating entity "D_FF" for hierarchy "register:Creating_registers[0].g|D_FF:building_one_register[0].bits" File: C:/Users/danie/Documents/2021-22 School Year/EE 469/Lab1/register.sv Line: 22
Info (12128): Elaborating entity "mux_64x32_1" for hierarchy "mux_64x32_1:port1" File: C:/Users/danie/Documents/2021-22 School Year/EE 469/Lab1/regfile.sv Line: 48
Info (12128): Elaborating entity "mux_32_1" for hierarchy "mux_64x32_1:port1|mux_32_1:muxSelect[0].readPort1" File: C:/Users/danie/Documents/2021-22 School Year/EE 469/Lab1/mux_64x32_1.sv Line: 32
Info (12128): Elaborating entity "mux4_1" for hierarchy "mux_64x32_1:port1|mux_32_1:muxSelect[0].readPort1|mux4_1:building_mux[0].inputs" File: C:/Users/danie/Documents/2021-22 School Year/EE 469/Lab1/mux_32_1.sv Line: 21
Info (144001): Generated suppressed messages file C:/Users/danie/Documents/2021-22 School Year/EE 469/Lab1/output_files/DE1_SoC.map.smsg
Info (16010): Generating hard_block partition "hard_block:auto_generated_inst"
    Info (16011): Adding 0 node(s), including 0 DDIO, 0 PLL, 0 transceiver and 0 LCELL
Info (21057): Implemented 209 device resources after synthesis - the final resource count might be different
    Info (21058): Implemented 81 input pins
    Info (21059): Implemented 128 output pins
Info: Quartus Prime Analysis & Synthesis was successful. 0 errors, 1 warning
    Info: Peak virtual memory: 4840 megabytes
    Info: Processing ended: Sun Jan 16 12:24:23 2022
    Info: Elapsed time: 00:00:13
    Info: Total CPU time (on all processors): 00:00:25


+------------------------------------------+
; Analysis & Synthesis Suppressed Messages ;
+------------------------------------------+
The suppressed messages can be found in C:/Users/danie/Documents/2021-22 School Year/EE 469/Lab1/output_files/DE1_SoC.map.smsg.


